Determining if the pthread_create exist failed with the following output:
Change Dir: /home/kartikay/Desktop/old-stack/oldstack/build/CMakeFiles/CMakeTmp

Run Build Command:"/usr/bin/make" "cmTC_4878a/fast"
/usr/bin/make -f CMakeFiles/cmTC_4878a.dir/build.make CMakeFiles/cmTC_4878a.dir/build
make[1]: Entering directory '/home/kartikay/Desktop/old-stack/oldstack/build/CMakeFiles/CMakeTmp'
Building C object CMakeFiles/cmTC_4878a.dir/CheckSymbolExists.c.o
/usr/bin/cc     -o CMakeFiles/cmTC_4878a.dir/CheckSymbolExists.c.o   -c /home/kartikay/Desktop/old-stack/oldstack/build/CMakeFiles/CMakeTmp/CheckSymbolExists.c
Linking C executable cmTC_4878a
/usr/bin/cmake -E cmake_link_script CMakeFiles/cmTC_4878a.dir/link.txt --verbose=1
/usr/bin/cc       CMakeFiles/cmTC_4878a.dir/CheckSymbolExists.c.o  -o cmTC_4878a -rdynamic 
CMakeFiles/cmTC_4878a.dir/CheckSymbolExists.c.o: In function `main':
CheckSymbolExists.c:(.text+0x16): undefined reference to `pthread_create'
collect2: error: ld returned 1 exit status
CMakeFiles/cmTC_4878a.dir/build.make:97: recipe for target 'cmTC_4878a' failed
make[1]: *** [cmTC_4878a] Error 1
make[1]: Leaving directory '/home/kartikay/Desktop/old-stack/oldstack/build/CMakeFiles/CMakeTmp'
Makefile:126: recipe for target 'cmTC_4878a/fast' failed
make: *** [cmTC_4878a/fast] Error 2

File /home/kartikay/Desktop/old-stack/oldstack/build/CMakeFiles/CMakeTmp/CheckSymbolExists.c:
/* */
#include <pthread.h>

int main(int argc, char** argv)
{
  (void)argv;
#ifndef pthread_create
  return ((int*)(&pthread_create))[argc];
#else
  (void)argc;
  return 0;
#endif
}

Determining if the function pthread_create exists in the pthreads failed with the following output:
Change Dir: /home/kartikay/Desktop/old-stack/oldstack/build/CMakeFiles/CMakeTmp

Run Build Command:"/usr/bin/make" "cmTC_bee3e/fast"
/usr/bin/make -f CMakeFiles/cmTC_bee3e.dir/build.make CMakeFiles/cmTC_bee3e.dir/build
make[1]: Entering directory '/home/kartikay/Desktop/old-stack/oldstack/build/CMakeFiles/CMakeTmp'
Building C object CMakeFiles/cmTC_bee3e.dir/CheckFunctionExists.c.o
/usr/bin/cc    -DCHECK_FUNCTION_EXISTS=pthread_create   -o CMakeFiles/cmTC_bee3e.dir/CheckFunctionExists.c.o   -c /usr/share/cmake-3.5/Modules/CheckFunctionExists.c
Linking C executable cmTC_bee3e
/usr/bin/cmake -E cmake_link_script CMakeFiles/cmTC_bee3e.dir/link.txt --verbose=1
/usr/bin/cc   -DCHECK_FUNCTION_EXISTS=pthread_create    CMakeFiles/cmTC_bee3e.dir/CheckFunctionExists.c.o  -o cmTC_bee3e -rdynamic -lpthreads 
/usr/bin/ld: cannot find -lpthreads
collect2: error: ld returned 1 exit status
CMakeFiles/cmTC_bee3e.dir/build.make:97: recipe for target 'cmTC_bee3e' failed
make[1]: *** [cmTC_bee3e] Error 1
make[1]: Leaving directory '/home/kartikay/Desktop/old-stack/oldstack/build/CMakeFiles/CMakeTmp'
Makefile:126: recipe for target 'cmTC_bee3e/fast' failed
make: *** [cmTC_bee3e/fast] Error 2


